<?xml version="1.0" encoding="UTF-8"?>
<testsuites name="TC1" time="49.013" tests="16" failures="0" errors="0">
   <testsuite name="Healthcare_Test" tests="4" failures="0" errors="0" time="31.47" skipped="0" timestamp="05-05-2025T14:02:15" hostname="Maximile - MSI" id="Test Suites/Healthcare_Test">
      <properties>
         <property name="deviceName" value=""/>
         <property name="devicePlatform"/>
         <property name="logFolder" value="C:\\Users\\Maximile\\git\\Git-Demo3\\Reports\\20250505_140159\\Healthcare_Test\\20250505_140200"/>
         <property name="logFiles" value="C:\\Users\\Maximile\\git\\Git-Demo3\\Reports\\20250505_140159\\Healthcare_Test\\20250505_140200\\execution0.log"/>
         <property name="attachments" value=""/>
         <property name="hostName" value="Maximile - MSI"/>
         <property name="os" value="Windows 10 64bit"/>
         <property name="katalonVersion" value="10.1.1.0"/>
         <property name="browser" value="Chrome 135.0.7049.115"/>
         <property name="hostAddress" value="192.168.50.216"/>
         <property name="sessionId" value="5f64f068844e5971a25d2259a3033c0b"/>
         <property name="seleniumVersion" value="4.22.0"/>
         <property name="proxyInformation" value="ProxyInformation { proxyOption=NO_PROXY, proxyServerType=HTTP, username=, password=********, proxyServerAddress=, proxyServerPort=0, executionList=&quot;&quot;, isApplyToDesiredCapabilities=true }"/>
         <property name="platform" value="Windows 10"/>
      </properties>
      <testcase name="Test Cases/Healthcare" time="11.309" classname="Test Cases/Healthcare" status="PASSED">
         <system-out><![CDATA[05-05-2025T14:02:15 - [TEST_CASE][PASSED] - Test Cases/Healthcare: Test Cases/Healthcare

05-05-2025T14:02:15 - [TEST_STEP][PASSED] - Start listener action : enableSauceLabs: [SAUCELABS] Saucelabs Plugin will not attempt to auto update job status and information !

05-05-2025T14:02:15 - [MESSAGE][INFO] - [SAUCELABS] Current run configuration: Chrome

05-05-2025T14:02:15 - [MESSAGE][INFO] - [SAUCELABS] Saucelabs Plugin will not attempt to auto update job status and information !

05-05-2025T14:02:15 - [TEST_STEP][PASSED] - openBrowser(""): Browser is opened with url: ''

05-05-2025T14:02:16 - [MESSAGE][INFO] - Starting 'Chrome' driver

05-05-2025T14:02:16 - [MESSAGE][INFO] - User set preference: ['args', '[--disable-notification]']

05-05-2025T14:02:16 - [MESSAGE][INFO] - Action delay is set to 0 milliseconds

05-05-2025T14:02:21 - [MESSAGE][PASSED] - Browser is opened with url: ''

05-05-2025T14:02:21 - [TEST_STEP][PASSED] - navigateToUrl("https://katalon-demo-cura.herokuapp.com/"): Navigate to 'https://katalon-demo-cura.herokuapp.com/' successfully

05-05-2025T14:02:22 - [MESSAGE][PASSED] - Navigate to 'https://katalon-demo-cura.herokuapp.com/' successfully

05-05-2025T14:02:22 - [TEST_STEP][PASSED] - click(findTestObject("Object Repository/Page_CURA Healthcare Service/a_Make Appointment")): Object: 'Object Repository/Page_CURA Healthcare Service/a_Make Appointment' is clicked on

05-05-2025T14:02:23 - [MESSAGE][PASSED] - Object: 'Object Repository/Page_CURA Healthcare Service/a_Make Appointment' is clicked on

05-05-2025T14:02:23 - [TEST_STEP][PASSED] - setText(findTestObject("Object Repository/Page_CURA Healthcare Service/input_Username_username"), "John Doe"): Text 'John Doe' is set on object 'Object Repository/Page_CURA Healthcare Service/input_Username_username'

05-05-2025T14:02:24 - [MESSAGE][PASSED] - Text 'John Doe' is set on object 'Object Repository/Page_CURA Healthcare Service/input_Username_username'

05-05-2025T14:02:24 - [TEST_STEP][PASSED] - setEncryptedText(findTestObject("Object Repository/Page_CURA Healthcare Service/input_Password_password"), "g3/DOGG74jC3Flrr3yH+3D/yKbOqqUNM"): Text ****** has been set on object 'Object Repository/Page_CURA Healthcare Service/input_Password_password'

05-05-2025T14:02:25 - [MESSAGE][PASSED] - Text ****** has been set on object 'Object Repository/Page_CURA Healthcare Service/input_Password_password'

05-05-2025T14:02:25 - [TEST_STEP][PASSED] - click(findTestObject("Object Repository/Page_CURA Healthcare Service/button_Login")): Object: 'Object Repository/Page_CURA Healthcare Service/button_Login' is clicked on

05-05-2025T14:02:26 - [MESSAGE][PASSED] - Object: 'Object Repository/Page_CURA Healthcare Service/button_Login' is clicked on

05-05-2025T14:02:26 - [TEST_STEP][PASSED] - closeBrowser(): Browser is closed

05-05-2025T14:02:26 - [MESSAGE][PASSED] - Browser is closed

05-05-2025T14:02:26 - [TEST_STEP][PASSED] - Start listener action : autoUpdateJobStatus: [SAUCELABS] Current run configuration: Chrome

05-05-2025T14:02:26 - [MESSAGE][INFO] - [SAUCELABS] Current run configuration: Chrome]]></system-out>
         <system-err><![CDATA[]]></system-err>
      </testcase>
      <testcase name="Test Cases/Healthcare" time="5.79" classname="Test Cases/Healthcare" status="PASSED">
         <system-out><![CDATA[05-05-2025T14:02:26 - [TEST_CASE][PASSED] - Test Cases/Healthcare: Test Cases/Healthcare

05-05-2025T14:02:26 - [TEST_STEP][PASSED] - Start listener action : enableSauceLabs: [SAUCELABS] Saucelabs Plugin will not attempt to auto update job status and information !

05-05-2025T14:02:26 - [MESSAGE][INFO] - [SAUCELABS] Current run configuration: Chrome

05-05-2025T14:02:26 - [MESSAGE][INFO] - [SAUCELABS] Saucelabs Plugin will not attempt to auto update job status and information !

05-05-2025T14:02:26 - [TEST_STEP][PASSED] - openBrowser(""): Browser is opened with url: ''

05-05-2025T14:02:26 - [MESSAGE][INFO] - Starting 'Chrome' driver

05-05-2025T14:02:26 - [MESSAGE][INFO] - User set preference: ['args', '[--disable-notification]']

05-05-2025T14:02:26 - [MESSAGE][INFO] - Action delay is set to 0 milliseconds

05-05-2025T14:02:28 - [MESSAGE][PASSED] - Browser is opened with url: ''

05-05-2025T14:02:28 - [TEST_STEP][PASSED] - navigateToUrl("https://katalon-demo-cura.herokuapp.com/"): Navigate to 'https://katalon-demo-cura.herokuapp.com/' successfully

05-05-2025T14:02:29 - [MESSAGE][PASSED] - Navigate to 'https://katalon-demo-cura.herokuapp.com/' successfully

05-05-2025T14:02:29 - [TEST_STEP][PASSED] - click(findTestObject("Object Repository/Page_CURA Healthcare Service/a_Make Appointment")): Object: 'Object Repository/Page_CURA Healthcare Service/a_Make Appointment' is clicked on

05-05-2025T14:02:30 - [MESSAGE][PASSED] - Object: 'Object Repository/Page_CURA Healthcare Service/a_Make Appointment' is clicked on

05-05-2025T14:02:30 - [TEST_STEP][PASSED] - setText(findTestObject("Object Repository/Page_CURA Healthcare Service/input_Username_username"), "John Doe"): Text 'John Doe' is set on object 'Object Repository/Page_CURA Healthcare Service/input_Username_username'

05-05-2025T14:02:31 - [MESSAGE][PASSED] - Text 'John Doe' is set on object 'Object Repository/Page_CURA Healthcare Service/input_Username_username'

05-05-2025T14:02:31 - [TEST_STEP][PASSED] - setEncryptedText(findTestObject("Object Repository/Page_CURA Healthcare Service/input_Password_password"), "g3/DOGG74jC3Flrr3yH+3D/yKbOqqUNM"): Text ****** has been set on object 'Object Repository/Page_CURA Healthcare Service/input_Password_password'

05-05-2025T14:02:31 - [MESSAGE][PASSED] - Text ****** has been set on object 'Object Repository/Page_CURA Healthcare Service/input_Password_password'

05-05-2025T14:02:31 - [TEST_STEP][PASSED] - click(findTestObject("Object Repository/Page_CURA Healthcare Service/button_Login")): Object: 'Object Repository/Page_CURA Healthcare Service/button_Login' is clicked on

05-05-2025T14:02:32 - [MESSAGE][PASSED] - Object: 'Object Repository/Page_CURA Healthcare Service/button_Login' is clicked on

05-05-2025T14:02:32 - [TEST_STEP][PASSED] - closeBrowser(): Browser is closed

05-05-2025T14:02:32 - [MESSAGE][PASSED] - Browser is closed

05-05-2025T14:02:32 - [TEST_STEP][PASSED] - Start listener action : autoUpdateJobStatus: [SAUCELABS] Current run configuration: Chrome

05-05-2025T14:02:32 - [MESSAGE][INFO] - [SAUCELABS] Current run configuration: Chrome]]></system-out>
         <system-err><![CDATA[]]></system-err>
      </testcase>
      <testcase name="Test Cases/Healthcare" time="7.54" classname="Test Cases/Healthcare" status="PASSED">
         <system-out><![CDATA[05-05-2025T14:02:32 - [TEST_CASE][PASSED] - Test Cases/Healthcare: Test Cases/Healthcare

05-05-2025T14:02:32 - [TEST_STEP][PASSED] - Start listener action : enableSauceLabs: [SAUCELABS] Saucelabs Plugin will not attempt to auto update job status and information !

05-05-2025T14:02:32 - [MESSAGE][INFO] - [SAUCELABS] Current run configuration: Chrome

05-05-2025T14:02:32 - [MESSAGE][INFO] - [SAUCELABS] Saucelabs Plugin will not attempt to auto update job status and information !

05-05-2025T14:02:32 - [TEST_STEP][PASSED] - openBrowser(""): Browser is opened with url: ''

05-05-2025T14:02:32 - [MESSAGE][INFO] - Starting 'Chrome' driver

05-05-2025T14:02:32 - [MESSAGE][INFO] - User set preference: ['args', '[--disable-notification]']

05-05-2025T14:02:32 - [MESSAGE][INFO] - Action delay is set to 0 milliseconds

05-05-2025T14:02:34 - [MESSAGE][PASSED] - Browser is opened with url: ''

05-05-2025T14:02:34 - [TEST_STEP][PASSED] - navigateToUrl("https://katalon-demo-cura.herokuapp.com/"): Navigate to 'https://katalon-demo-cura.herokuapp.com/' successfully

05-05-2025T14:02:37 - [MESSAGE][PASSED] - Navigate to 'https://katalon-demo-cura.herokuapp.com/' successfully

05-05-2025T14:02:37 - [TEST_STEP][PASSED] - click(findTestObject("Object Repository/Page_CURA Healthcare Service/a_Make Appointment")): Object: 'Object Repository/Page_CURA Healthcare Service/a_Make Appointment' is clicked on

05-05-2025T14:02:37 - [MESSAGE][PASSED] - Object: 'Object Repository/Page_CURA Healthcare Service/a_Make Appointment' is clicked on

05-05-2025T14:02:37 - [TEST_STEP][PASSED] - setText(findTestObject("Object Repository/Page_CURA Healthcare Service/input_Username_username"), "John Doe"): Text 'John Doe' is set on object 'Object Repository/Page_CURA Healthcare Service/input_Username_username'

05-05-2025T14:02:38 - [MESSAGE][PASSED] - Text 'John Doe' is set on object 'Object Repository/Page_CURA Healthcare Service/input_Username_username'

05-05-2025T14:02:38 - [TEST_STEP][PASSED] - setEncryptedText(findTestObject("Object Repository/Page_CURA Healthcare Service/input_Password_password"), "g3/DOGG74jC3Flrr3yH+3D/yKbOqqUNM"): Text ****** has been set on object 'Object Repository/Page_CURA Healthcare Service/input_Password_password'

05-05-2025T14:02:39 - [MESSAGE][PASSED] - Text ****** has been set on object 'Object Repository/Page_CURA Healthcare Service/input_Password_password'

05-05-2025T14:02:39 - [TEST_STEP][PASSED] - click(findTestObject("Object Repository/Page_CURA Healthcare Service/button_Login")): Object: 'Object Repository/Page_CURA Healthcare Service/button_Login' is clicked on

05-05-2025T14:02:39 - [MESSAGE][PASSED] - Object: 'Object Repository/Page_CURA Healthcare Service/button_Login' is clicked on

05-05-2025T14:02:39 - [TEST_STEP][PASSED] - closeBrowser(): Browser is closed

05-05-2025T14:02:39 - [MESSAGE][PASSED] - Browser is closed

05-05-2025T14:02:39 - [TEST_STEP][PASSED] - Start listener action : autoUpdateJobStatus: [SAUCELABS] Current run configuration: Chrome

05-05-2025T14:02:39 - [MESSAGE][INFO] - [SAUCELABS] Current run configuration: Chrome]]></system-out>
         <system-err><![CDATA[]]></system-err>
      </testcase>
      <testcase name="Test Cases/Healthcare" time="6.509" classname="Test Cases/Healthcare" status="PASSED">
         <system-out><![CDATA[05-05-2025T14:02:39 - [TEST_CASE][PASSED] - Test Cases/Healthcare: Test Cases/Healthcare

05-05-2025T14:02:39 - [TEST_STEP][PASSED] - Start listener action : enableSauceLabs: [SAUCELABS] Saucelabs Plugin will not attempt to auto update job status and information !

05-05-2025T14:02:39 - [MESSAGE][INFO] - [SAUCELABS] Current run configuration: Chrome

05-05-2025T14:02:39 - [MESSAGE][INFO] - [SAUCELABS] Saucelabs Plugin will not attempt to auto update job status and information !

05-05-2025T14:02:40 - [TEST_STEP][PASSED] - openBrowser(""): Browser is opened with url: ''

05-05-2025T14:02:40 - [MESSAGE][INFO] - Starting 'Chrome' driver

05-05-2025T14:02:40 - [MESSAGE][INFO] - User set preference: ['args', '[--disable-notification]']

05-05-2025T14:02:40 - [MESSAGE][INFO] - Action delay is set to 0 milliseconds

05-05-2025T14:02:42 - [MESSAGE][PASSED] - Browser is opened with url: ''

05-05-2025T14:02:42 - [TEST_STEP][PASSED] - navigateToUrl("https://katalon-demo-cura.herokuapp.com/"): Navigate to 'https://katalon-demo-cura.herokuapp.com/' successfully

05-05-2025T14:02:43 - [MESSAGE][PASSED] - Navigate to 'https://katalon-demo-cura.herokuapp.com/' successfully

05-05-2025T14:02:43 - [TEST_STEP][PASSED] - click(findTestObject("Object Repository/Page_CURA Healthcare Service/a_Make Appointment")): Object: 'Object Repository/Page_CURA Healthcare Service/a_Make Appointment' is clicked on

05-05-2025T14:02:44 - [MESSAGE][PASSED] - Object: 'Object Repository/Page_CURA Healthcare Service/a_Make Appointment' is clicked on

05-05-2025T14:02:44 - [TEST_STEP][PASSED] - setText(findTestObject("Object Repository/Page_CURA Healthcare Service/input_Username_username"), "John Doe"): Text 'John Doe' is set on object 'Object Repository/Page_CURA Healthcare Service/input_Username_username'

05-05-2025T14:02:45 - [MESSAGE][PASSED] - Text 'John Doe' is set on object 'Object Repository/Page_CURA Healthcare Service/input_Username_username'

05-05-2025T14:02:45 - [TEST_STEP][PASSED] - setEncryptedText(findTestObject("Object Repository/Page_CURA Healthcare Service/input_Password_password"), "g3/DOGG74jC3Flrr3yH+3D/yKbOqqUNM"): Text ****** has been set on object 'Object Repository/Page_CURA Healthcare Service/input_Password_password'

05-05-2025T14:02:45 - [MESSAGE][PASSED] - Text ****** has been set on object 'Object Repository/Page_CURA Healthcare Service/input_Password_password'

05-05-2025T14:02:45 - [TEST_STEP][PASSED] - click(findTestObject("Object Repository/Page_CURA Healthcare Service/button_Login")): Object: 'Object Repository/Page_CURA Healthcare Service/button_Login' is clicked on

05-05-2025T14:02:46 - [MESSAGE][PASSED] - Object: 'Object Repository/Page_CURA Healthcare Service/button_Login' is clicked on

05-05-2025T14:02:46 - [TEST_STEP][PASSED] - closeBrowser(): Browser is closed

05-05-2025T14:02:46 - [MESSAGE][PASSED] - Browser is closed

05-05-2025T14:02:46 - [TEST_STEP][PASSED] - Start listener action : autoUpdateJobStatus: [SAUCELABS] Current run configuration: Chrome

05-05-2025T14:02:46 - [MESSAGE][INFO] - [SAUCELABS] Current run configuration: Chrome]]></system-out>
         <system-err><![CDATA[]]></system-err>
      </testcase>
      <system-out><![CDATA[05-05-2025T14:02:15 - [TEST_SUITE][PASSED] - Healthcare_Test: Test Cases/Healthcare]]></system-out>
      <system-err><![CDATA[]]></system-err>
   </testsuite>
   <testsuite name="Healthcare_Test" tests="4" failures="0" errors="0" time="31.885" skipped="0" timestamp="05-05-2025T14:02:16" hostname="Maximile - MSI" id="Test Suites/Healthcare_Test">
      <properties>
         <property name="deviceName" value=""/>
         <property name="devicePlatform"/>
         <property name="logFolder" value="C:\\Users\\Maximile\\git\\Git-Demo3\\Reports\\20250505_140159\\Healthcare_Test\\20250505_140202"/>
         <property name="logFiles" value="C:\\Users\\Maximile\\git\\Git-Demo3\\Reports\\20250505_140159\\Healthcare_Test\\20250505_140202\\execution0.log"/>
         <property name="attachments" value=""/>
         <property name="hostName" value="Maximile - MSI"/>
         <property name="os" value="Windows 10 64bit"/>
         <property name="katalonVersion" value="10.1.1.0"/>
         <property name="browser" value="Chrome 135.0.7049.115"/>
         <property name="hostAddress" value="192.168.50.216"/>
         <property name="sessionId" value="02fd6b4c5688e5380c73b6e6a86a2f63"/>
         <property name="seleniumVersion" value="4.22.0"/>
         <property name="proxyInformation" value="ProxyInformation { proxyOption=NO_PROXY, proxyServerType=HTTP, username=, password=********, proxyServerAddress=, proxyServerPort=0, executionList=&quot;&quot;, isApplyToDesiredCapabilities=true }"/>
         <property name="platform" value="Windows 10"/>
      </properties>
      <testcase name="Test Cases/Healthcare" time="10.728" classname="Test Cases/Healthcare" status="PASSED">
         <system-out><![CDATA[05-05-2025T14:02:16 - [TEST_CASE][PASSED] - Test Cases/Healthcare: Test Cases/Healthcare

05-05-2025T14:02:17 - [TEST_STEP][PASSED] - Start listener action : enableSauceLabs: [SAUCELABS] Saucelabs Plugin will not attempt to auto update job status and information !

05-05-2025T14:02:17 - [MESSAGE][INFO] - [SAUCELABS] Current run configuration: Chrome

05-05-2025T14:02:17 - [MESSAGE][INFO] - [SAUCELABS] Saucelabs Plugin will not attempt to auto update job status and information !

05-05-2025T14:02:17 - [TEST_STEP][PASSED] - openBrowser(""): Browser is opened with url: ''

05-05-2025T14:02:17 - [MESSAGE][INFO] - Starting 'Chrome' driver

05-05-2025T14:02:18 - [MESSAGE][INFO] - User set preference: ['args', '[--disable-notification]']

05-05-2025T14:02:18 - [MESSAGE][INFO] - Action delay is set to 0 milliseconds

05-05-2025T14:02:22 - [MESSAGE][PASSED] - Browser is opened with url: ''

05-05-2025T14:02:22 - [TEST_STEP][PASSED] - navigateToUrl("https://katalon-demo-cura.herokuapp.com/"): Navigate to 'https://katalon-demo-cura.herokuapp.com/' successfully

05-05-2025T14:02:23 - [MESSAGE][PASSED] - Navigate to 'https://katalon-demo-cura.herokuapp.com/' successfully

05-05-2025T14:02:23 - [TEST_STEP][PASSED] - click(findTestObject("Object Repository/Page_CURA Healthcare Service/a_Make Appointment")): Object: 'Object Repository/Page_CURA Healthcare Service/a_Make Appointment' is clicked on

05-05-2025T14:02:24 - [MESSAGE][PASSED] - Object: 'Object Repository/Page_CURA Healthcare Service/a_Make Appointment' is clicked on

05-05-2025T14:02:24 - [TEST_STEP][PASSED] - setText(findTestObject("Object Repository/Page_CURA Healthcare Service/input_Username_username"), "John Doe"): Text 'John Doe' is set on object 'Object Repository/Page_CURA Healthcare Service/input_Username_username'

05-05-2025T14:02:25 - [MESSAGE][PASSED] - Text 'John Doe' is set on object 'Object Repository/Page_CURA Healthcare Service/input_Username_username'

05-05-2025T14:02:25 - [TEST_STEP][PASSED] - setEncryptedText(findTestObject("Object Repository/Page_CURA Healthcare Service/input_Password_password"), "g3/DOGG74jC3Flrr3yH+3D/yKbOqqUNM"): Text ****** has been set on object 'Object Repository/Page_CURA Healthcare Service/input_Password_password'

05-05-2025T14:02:26 - [MESSAGE][PASSED] - Text ****** has been set on object 'Object Repository/Page_CURA Healthcare Service/input_Password_password'

05-05-2025T14:02:26 - [TEST_STEP][PASSED] - click(findTestObject("Object Repository/Page_CURA Healthcare Service/button_Login")): Object: 'Object Repository/Page_CURA Healthcare Service/button_Login' is clicked on

05-05-2025T14:02:27 - [MESSAGE][PASSED] - Object: 'Object Repository/Page_CURA Healthcare Service/button_Login' is clicked on

05-05-2025T14:02:27 - [TEST_STEP][PASSED] - closeBrowser(): Browser is closed

05-05-2025T14:02:27 - [MESSAGE][PASSED] - Browser is closed

05-05-2025T14:02:27 - [TEST_STEP][PASSED] - Start listener action : autoUpdateJobStatus: [SAUCELABS] Current run configuration: Chrome

05-05-2025T14:02:27 - [MESSAGE][INFO] - [SAUCELABS] Current run configuration: Chrome]]></system-out>
         <system-err><![CDATA[]]></system-err>
      </testcase>
      <testcase name="Test Cases/Healthcare" time="6.933" classname="Test Cases/Healthcare" status="PASSED">
         <system-out><![CDATA[05-05-2025T14:02:27 - [TEST_CASE][PASSED] - Test Cases/Healthcare: Test Cases/Healthcare

05-05-2025T14:02:27 - [TEST_STEP][PASSED] - Start listener action : enableSauceLabs: [SAUCELABS] Saucelabs Plugin will not attempt to auto update job status and information !

05-05-2025T14:02:27 - [MESSAGE][INFO] - [SAUCELABS] Current run configuration: Chrome

05-05-2025T14:02:27 - [MESSAGE][INFO] - [SAUCELABS] Saucelabs Plugin will not attempt to auto update job status and information !

05-05-2025T14:02:27 - [TEST_STEP][PASSED] - openBrowser(""): Browser is opened with url: ''

05-05-2025T14:02:27 - [MESSAGE][INFO] - Starting 'Chrome' driver

05-05-2025T14:02:27 - [MESSAGE][INFO] - User set preference: ['args', '[--disable-notification]']

05-05-2025T14:02:27 - [MESSAGE][INFO] - Action delay is set to 0 milliseconds

05-05-2025T14:02:29 - [MESSAGE][PASSED] - Browser is opened with url: ''

05-05-2025T14:02:29 - [TEST_STEP][PASSED] - navigateToUrl("https://katalon-demo-cura.herokuapp.com/"): Navigate to 'https://katalon-demo-cura.herokuapp.com/' successfully

05-05-2025T14:02:30 - [MESSAGE][PASSED] - Navigate to 'https://katalon-demo-cura.herokuapp.com/' successfully

05-05-2025T14:02:30 - [TEST_STEP][PASSED] - click(findTestObject("Object Repository/Page_CURA Healthcare Service/a_Make Appointment")): Object: 'Object Repository/Page_CURA Healthcare Service/a_Make Appointment' is clicked on

05-05-2025T14:02:31 - [MESSAGE][PASSED] - Object: 'Object Repository/Page_CURA Healthcare Service/a_Make Appointment' is clicked on

05-05-2025T14:02:31 - [TEST_STEP][PASSED] - setText(findTestObject("Object Repository/Page_CURA Healthcare Service/input_Username_username"), "John Doe"): Text 'John Doe' is set on object 'Object Repository/Page_CURA Healthcare Service/input_Username_username'

05-05-2025T14:02:32 - [MESSAGE][PASSED] - Text 'John Doe' is set on object 'Object Repository/Page_CURA Healthcare Service/input_Username_username'

05-05-2025T14:02:32 - [TEST_STEP][PASSED] - setEncryptedText(findTestObject("Object Repository/Page_CURA Healthcare Service/input_Password_password"), "g3/DOGG74jC3Flrr3yH+3D/yKbOqqUNM"): Text ****** has been set on object 'Object Repository/Page_CURA Healthcare Service/input_Password_password'

05-05-2025T14:02:32 - [MESSAGE][PASSED] - Text ****** has been set on object 'Object Repository/Page_CURA Healthcare Service/input_Password_password'

05-05-2025T14:02:32 - [TEST_STEP][PASSED] - click(findTestObject("Object Repository/Page_CURA Healthcare Service/button_Login")): Object: 'Object Repository/Page_CURA Healthcare Service/button_Login' is clicked on

05-05-2025T14:02:33 - [MESSAGE][PASSED] - Object: 'Object Repository/Page_CURA Healthcare Service/button_Login' is clicked on

05-05-2025T14:02:33 - [TEST_STEP][PASSED] - closeBrowser(): Browser is closed

05-05-2025T14:02:34 - [MESSAGE][PASSED] - Browser is closed

05-05-2025T14:02:34 - [TEST_STEP][PASSED] - Start listener action : autoUpdateJobStatus: [SAUCELABS] Current run configuration: Chrome

05-05-2025T14:02:34 - [MESSAGE][INFO] - [SAUCELABS] Current run configuration: Chrome]]></system-out>
         <system-err><![CDATA[]]></system-err>
      </testcase>
      <testcase name="Test Cases/Healthcare" time="8.92" classname="Test Cases/Healthcare" status="PASSED">
         <system-out><![CDATA[05-05-2025T14:02:34 - [TEST_CASE][PASSED] - Test Cases/Healthcare: Test Cases/Healthcare

05-05-2025T14:02:34 - [TEST_STEP][PASSED] - Start listener action : enableSauceLabs: [SAUCELABS] Saucelabs Plugin will not attempt to auto update job status and information !

05-05-2025T14:02:34 - [MESSAGE][INFO] - [SAUCELABS] Current run configuration: Chrome

05-05-2025T14:02:34 - [MESSAGE][INFO] - [SAUCELABS] Saucelabs Plugin will not attempt to auto update job status and information !

05-05-2025T14:02:34 - [TEST_STEP][PASSED] - openBrowser(""): Browser is opened with url: ''

05-05-2025T14:02:34 - [MESSAGE][INFO] - Starting 'Chrome' driver

05-05-2025T14:02:34 - [MESSAGE][INFO] - User set preference: ['args', '[--disable-notification]']

05-05-2025T14:02:34 - [MESSAGE][INFO] - Action delay is set to 0 milliseconds

05-05-2025T14:02:36 - [MESSAGE][PASSED] - Browser is opened with url: ''

05-05-2025T14:02:36 - [TEST_STEP][PASSED] - navigateToUrl("https://katalon-demo-cura.herokuapp.com/"): Navigate to 'https://katalon-demo-cura.herokuapp.com/' successfully

05-05-2025T14:02:39 - [MESSAGE][PASSED] - Navigate to 'https://katalon-demo-cura.herokuapp.com/' successfully

05-05-2025T14:02:39 - [TEST_STEP][PASSED] - click(findTestObject("Object Repository/Page_CURA Healthcare Service/a_Make Appointment")): Object: 'Object Repository/Page_CURA Healthcare Service/a_Make Appointment' is clicked on

05-05-2025T14:02:40 - [MESSAGE][PASSED] - Object: 'Object Repository/Page_CURA Healthcare Service/a_Make Appointment' is clicked on

05-05-2025T14:02:40 - [TEST_STEP][PASSED] - setText(findTestObject("Object Repository/Page_CURA Healthcare Service/input_Username_username"), "John Doe"): Text 'John Doe' is set on object 'Object Repository/Page_CURA Healthcare Service/input_Username_username'

05-05-2025T14:02:41 - [MESSAGE][PASSED] - Text 'John Doe' is set on object 'Object Repository/Page_CURA Healthcare Service/input_Username_username'

05-05-2025T14:02:41 - [TEST_STEP][PASSED] - setEncryptedText(findTestObject("Object Repository/Page_CURA Healthcare Service/input_Password_password"), "g3/DOGG74jC3Flrr3yH+3D/yKbOqqUNM"): Text ****** has been set on object 'Object Repository/Page_CURA Healthcare Service/input_Password_password'

05-05-2025T14:02:41 - [MESSAGE][PASSED] - Text ****** has been set on object 'Object Repository/Page_CURA Healthcare Service/input_Password_password'

05-05-2025T14:02:41 - [TEST_STEP][PASSED] - click(findTestObject("Object Repository/Page_CURA Healthcare Service/button_Login")): Object: 'Object Repository/Page_CURA Healthcare Service/button_Login' is clicked on

05-05-2025T14:02:42 - [MESSAGE][PASSED] - Object: 'Object Repository/Page_CURA Healthcare Service/button_Login' is clicked on

05-05-2025T14:02:42 - [TEST_STEP][PASSED] - closeBrowser(): Browser is closed

05-05-2025T14:02:43 - [MESSAGE][PASSED] - Browser is closed

05-05-2025T14:02:43 - [TEST_STEP][PASSED] - Start listener action : autoUpdateJobStatus: [SAUCELABS] Current run configuration: Chrome

05-05-2025T14:02:43 - [MESSAGE][INFO] - [SAUCELABS] Current run configuration: Chrome]]></system-out>
         <system-err><![CDATA[]]></system-err>
      </testcase>
      <testcase name="Test Cases/Healthcare" time="4.961" classname="Test Cases/Healthcare" status="PASSED">
         <system-out><![CDATA[05-05-2025T14:02:43 - [TEST_CASE][PASSED] - Test Cases/Healthcare: Test Cases/Healthcare

05-05-2025T14:02:43 - [TEST_STEP][PASSED] - Start listener action : enableSauceLabs: [SAUCELABS] Saucelabs Plugin will not attempt to auto update job status and information !

05-05-2025T14:02:43 - [MESSAGE][INFO] - [SAUCELABS] Current run configuration: Chrome

05-05-2025T14:02:43 - [MESSAGE][INFO] - [SAUCELABS] Saucelabs Plugin will not attempt to auto update job status and information !

05-05-2025T14:02:43 - [TEST_STEP][PASSED] - openBrowser(""): Browser is opened with url: ''

05-05-2025T14:02:43 - [MESSAGE][INFO] - Starting 'Chrome' driver

05-05-2025T14:02:43 - [MESSAGE][INFO] - User set preference: ['args', '[--disable-notification]']

05-05-2025T14:02:43 - [MESSAGE][INFO] - Action delay is set to 0 milliseconds

05-05-2025T14:02:45 - [MESSAGE][PASSED] - Browser is opened with url: ''

05-05-2025T14:02:45 - [TEST_STEP][PASSED] - navigateToUrl("https://katalon-demo-cura.herokuapp.com/"): Navigate to 'https://katalon-demo-cura.herokuapp.com/' successfully

05-05-2025T14:02:45 - [MESSAGE][PASSED] - Navigate to 'https://katalon-demo-cura.herokuapp.com/' successfully

05-05-2025T14:02:45 - [TEST_STEP][PASSED] - click(findTestObject("Object Repository/Page_CURA Healthcare Service/a_Make Appointment")): Object: 'Object Repository/Page_CURA Healthcare Service/a_Make Appointment' is clicked on

05-05-2025T14:02:46 - [MESSAGE][PASSED] - Object: 'Object Repository/Page_CURA Healthcare Service/a_Make Appointment' is clicked on

05-05-2025T14:02:46 - [TEST_STEP][PASSED] - setText(findTestObject("Object Repository/Page_CURA Healthcare Service/input_Username_username"), "John Doe"): Text 'John Doe' is set on object 'Object Repository/Page_CURA Healthcare Service/input_Username_username'

05-05-2025T14:02:47 - [MESSAGE][PASSED] - Text 'John Doe' is set on object 'Object Repository/Page_CURA Healthcare Service/input_Username_username'

05-05-2025T14:02:47 - [TEST_STEP][PASSED] - setEncryptedText(findTestObject("Object Repository/Page_CURA Healthcare Service/input_Password_password"), "g3/DOGG74jC3Flrr3yH+3D/yKbOqqUNM"): Text ****** has been set on object 'Object Repository/Page_CURA Healthcare Service/input_Password_password'

05-05-2025T14:02:47 - [MESSAGE][PASSED] - Text ****** has been set on object 'Object Repository/Page_CURA Healthcare Service/input_Password_password'

05-05-2025T14:02:47 - [TEST_STEP][PASSED] - click(findTestObject("Object Repository/Page_CURA Healthcare Service/button_Login")): Object: 'Object Repository/Page_CURA Healthcare Service/button_Login' is clicked on

05-05-2025T14:02:48 - [MESSAGE][PASSED] - Object: 'Object Repository/Page_CURA Healthcare Service/button_Login' is clicked on

05-05-2025T14:02:48 - [TEST_STEP][PASSED] - closeBrowser(): Browser is closed

05-05-2025T14:02:48 - [MESSAGE][PASSED] - Browser is closed

05-05-2025T14:02:48 - [TEST_STEP][PASSED] - Start listener action : autoUpdateJobStatus: [SAUCELABS] Current run configuration: Chrome

05-05-2025T14:02:48 - [MESSAGE][INFO] - [SAUCELABS] Current run configuration: Chrome]]></system-out>
         <system-err><![CDATA[]]></system-err>
      </testcase>
      <system-out><![CDATA[05-05-2025T14:02:16 - [TEST_SUITE][PASSED] - Healthcare_Test: Test Cases/Healthcare]]></system-out>
      <system-err><![CDATA[]]></system-err>
   </testsuite>
   <testsuite name="Healthcare_Test" tests="4" failures="0" errors="0" time="33.806" skipped="0" timestamp="05-05-2025T14:02:18" hostname="Maximile - MSI" id="Test Suites/Healthcare_Test">
      <properties>
         <property name="deviceName" value=""/>
         <property name="devicePlatform"/>
         <property name="logFolder" value="C:\\Users\\Maximile\\git\\Git-Demo3\\Reports\\20250505_140159\\Healthcare_Test\\20250505_140204"/>
         <property name="logFiles" value="C:\\Users\\Maximile\\git\\Git-Demo3\\Reports\\20250505_140159\\Healthcare_Test\\20250505_140204\\execution0.log"/>
         <property name="attachments" value=""/>
         <property name="hostName" value="Maximile - MSI"/>
         <property name="os" value="Windows 10 64bit"/>
         <property name="katalonVersion" value="10.1.1.0"/>
         <property name="browser" value="Chrome 135.0.7049.115"/>
         <property name="hostAddress" value="192.168.50.216"/>
         <property name="sessionId" value="a3c5e35902eb6d2934721b67454a53af"/>
         <property name="seleniumVersion" value="4.22.0"/>
         <property name="proxyInformation" value="ProxyInformation { proxyOption=NO_PROXY, proxyServerType=HTTP, username=, password=********, proxyServerAddress=, proxyServerPort=0, executionList=&quot;&quot;, isApplyToDesiredCapabilities=true }"/>
         <property name="platform" value="Windows 10"/>
      </properties>
      <testcase name="Test Cases/Healthcare" time="11.608" classname="Test Cases/Healthcare" status="PASSED">
         <system-out><![CDATA[05-05-2025T14:02:18 - [TEST_CASE][PASSED] - Test Cases/Healthcare: Test Cases/Healthcare

05-05-2025T14:02:18 - [TEST_STEP][PASSED] - Start listener action : enableSauceLabs: [SAUCELABS] Saucelabs Plugin will not attempt to auto update job status and information !

05-05-2025T14:02:18 - [MESSAGE][INFO] - [SAUCELABS] Current run configuration: Chrome

05-05-2025T14:02:18 - [MESSAGE][INFO] - [SAUCELABS] Saucelabs Plugin will not attempt to auto update job status and information !

05-05-2025T14:02:19 - [TEST_STEP][PASSED] - openBrowser(""): Browser is opened with url: ''

05-05-2025T14:02:19 - [MESSAGE][INFO] - Starting 'Chrome' driver

05-05-2025T14:02:19 - [MESSAGE][INFO] - User set preference: ['args', '[--disable-notification]']

05-05-2025T14:02:20 - [MESSAGE][INFO] - Action delay is set to 0 milliseconds

05-05-2025T14:02:25 - [MESSAGE][PASSED] - Browser is opened with url: ''

05-05-2025T14:02:25 - [TEST_STEP][PASSED] - navigateToUrl("https://katalon-demo-cura.herokuapp.com/"): Navigate to 'https://katalon-demo-cura.herokuapp.com/' successfully

05-05-2025T14:02:26 - [MESSAGE][PASSED] - Navigate to 'https://katalon-demo-cura.herokuapp.com/' successfully

05-05-2025T14:02:26 - [TEST_STEP][PASSED] - click(findTestObject("Object Repository/Page_CURA Healthcare Service/a_Make Appointment")): Object: 'Object Repository/Page_CURA Healthcare Service/a_Make Appointment' is clicked on

05-05-2025T14:02:27 - [MESSAGE][PASSED] - Object: 'Object Repository/Page_CURA Healthcare Service/a_Make Appointment' is clicked on

05-05-2025T14:02:27 - [TEST_STEP][PASSED] - setText(findTestObject("Object Repository/Page_CURA Healthcare Service/input_Username_username"), "John Doe"): Text 'John Doe' is set on object 'Object Repository/Page_CURA Healthcare Service/input_Username_username'

05-05-2025T14:02:28 - [MESSAGE][PASSED] - Text 'John Doe' is set on object 'Object Repository/Page_CURA Healthcare Service/input_Username_username'

05-05-2025T14:02:28 - [TEST_STEP][PASSED] - setEncryptedText(findTestObject("Object Repository/Page_CURA Healthcare Service/input_Password_password"), "g3/DOGG74jC3Flrr3yH+3D/yKbOqqUNM"): Text ****** has been set on object 'Object Repository/Page_CURA Healthcare Service/input_Password_password'

05-05-2025T14:02:29 - [MESSAGE][PASSED] - Text ****** has been set on object 'Object Repository/Page_CURA Healthcare Service/input_Password_password'

05-05-2025T14:02:29 - [TEST_STEP][PASSED] - click(findTestObject("Object Repository/Page_CURA Healthcare Service/button_Login")): Object: 'Object Repository/Page_CURA Healthcare Service/button_Login' is clicked on

05-05-2025T14:02:30 - [MESSAGE][PASSED] - Object: 'Object Repository/Page_CURA Healthcare Service/button_Login' is clicked on

05-05-2025T14:02:30 - [TEST_STEP][PASSED] - closeBrowser(): Browser is closed

05-05-2025T14:02:30 - [MESSAGE][PASSED] - Browser is closed

05-05-2025T14:02:30 - [TEST_STEP][PASSED] - Start listener action : autoUpdateJobStatus: [SAUCELABS] Current run configuration: Chrome

05-05-2025T14:02:30 - [MESSAGE][INFO] - [SAUCELABS] Current run configuration: Chrome]]></system-out>
         <system-err><![CDATA[]]></system-err>
      </testcase>
      <testcase name="Test Cases/Healthcare" time="7.104" classname="Test Cases/Healthcare" status="PASSED">
         <system-out><![CDATA[05-05-2025T14:02:30 - [TEST_CASE][PASSED] - Test Cases/Healthcare: Test Cases/Healthcare

05-05-2025T14:02:30 - [TEST_STEP][PASSED] - Start listener action : enableSauceLabs: [SAUCELABS] Saucelabs Plugin will not attempt to auto update job status and information !

05-05-2025T14:02:30 - [MESSAGE][INFO] - [SAUCELABS] Current run configuration: Chrome

05-05-2025T14:02:30 - [MESSAGE][INFO] - [SAUCELABS] Saucelabs Plugin will not attempt to auto update job status and information !

05-05-2025T14:02:30 - [TEST_STEP][PASSED] - openBrowser(""): Browser is opened with url: ''

05-05-2025T14:02:30 - [MESSAGE][INFO] - Starting 'Chrome' driver

05-05-2025T14:02:30 - [MESSAGE][INFO] - User set preference: ['args', '[--disable-notification]']

05-05-2025T14:02:30 - [MESSAGE][INFO] - Action delay is set to 0 milliseconds

05-05-2025T14:02:31 - [MESSAGE][PASSED] - Browser is opened with url: ''

05-05-2025T14:02:31 - [TEST_STEP][PASSED] - navigateToUrl("https://katalon-demo-cura.herokuapp.com/"): Navigate to 'https://katalon-demo-cura.herokuapp.com/' successfully

05-05-2025T14:02:33 - [MESSAGE][PASSED] - Navigate to 'https://katalon-demo-cura.herokuapp.com/' successfully

05-05-2025T14:02:33 - [TEST_STEP][PASSED] - click(findTestObject("Object Repository/Page_CURA Healthcare Service/a_Make Appointment")): Object: 'Object Repository/Page_CURA Healthcare Service/a_Make Appointment' is clicked on

05-05-2025T14:02:34 - [MESSAGE][PASSED] - Object: 'Object Repository/Page_CURA Healthcare Service/a_Make Appointment' is clicked on

05-05-2025T14:02:34 - [TEST_STEP][PASSED] - setText(findTestObject("Object Repository/Page_CURA Healthcare Service/input_Username_username"), "John Doe"): Text 'John Doe' is set on object 'Object Repository/Page_CURA Healthcare Service/input_Username_username'

05-05-2025T14:02:35 - [MESSAGE][PASSED] - Text 'John Doe' is set on object 'Object Repository/Page_CURA Healthcare Service/input_Username_username'

05-05-2025T14:02:35 - [TEST_STEP][PASSED] - setEncryptedText(findTestObject("Object Repository/Page_CURA Healthcare Service/input_Password_password"), "g3/DOGG74jC3Flrr3yH+3D/yKbOqqUNM"): Text ****** has been set on object 'Object Repository/Page_CURA Healthcare Service/input_Password_password'

05-05-2025T14:02:35 - [MESSAGE][PASSED] - Text ****** has been set on object 'Object Repository/Page_CURA Healthcare Service/input_Password_password'

05-05-2025T14:02:35 - [TEST_STEP][PASSED] - click(findTestObject("Object Repository/Page_CURA Healthcare Service/button_Login")): Object: 'Object Repository/Page_CURA Healthcare Service/button_Login' is clicked on

05-05-2025T14:02:36 - [MESSAGE][PASSED] - Object: 'Object Repository/Page_CURA Healthcare Service/button_Login' is clicked on

05-05-2025T14:02:36 - [TEST_STEP][PASSED] - closeBrowser(): Browser is closed

05-05-2025T14:02:37 - [MESSAGE][PASSED] - Browser is closed

05-05-2025T14:02:37 - [TEST_STEP][PASSED] - Start listener action : autoUpdateJobStatus: [SAUCELABS] Current run configuration: Chrome

05-05-2025T14:02:37 - [MESSAGE][INFO] - [SAUCELABS] Current run configuration: Chrome]]></system-out>
         <system-err><![CDATA[]]></system-err>
      </testcase>
      <testcase name="Test Cases/Healthcare" time="9.075" classname="Test Cases/Healthcare" status="PASSED">
         <system-out><![CDATA[05-05-2025T14:02:37 - [TEST_CASE][PASSED] - Test Cases/Healthcare: Test Cases/Healthcare

05-05-2025T14:02:37 - [TEST_STEP][PASSED] - Start listener action : enableSauceLabs: [SAUCELABS] Saucelabs Plugin will not attempt to auto update job status and information !

05-05-2025T14:02:37 - [MESSAGE][INFO] - [SAUCELABS] Current run configuration: Chrome

05-05-2025T14:02:37 - [MESSAGE][INFO] - [SAUCELABS] Saucelabs Plugin will not attempt to auto update job status and information !

05-05-2025T14:02:37 - [TEST_STEP][PASSED] - openBrowser(""): Browser is opened with url: ''

05-05-2025T14:02:37 - [MESSAGE][INFO] - Starting 'Chrome' driver

05-05-2025T14:02:37 - [MESSAGE][INFO] - User set preference: ['args', '[--disable-notification]']

05-05-2025T14:02:37 - [MESSAGE][INFO] - Action delay is set to 0 milliseconds

05-05-2025T14:02:40 - [MESSAGE][PASSED] - Browser is opened with url: ''

05-05-2025T14:02:40 - [TEST_STEP][PASSED] - navigateToUrl("https://katalon-demo-cura.herokuapp.com/"): Navigate to 'https://katalon-demo-cura.herokuapp.com/' successfully

05-05-2025T14:02:43 - [MESSAGE][PASSED] - Navigate to 'https://katalon-demo-cura.herokuapp.com/' successfully

05-05-2025T14:02:43 - [TEST_STEP][PASSED] - click(findTestObject("Object Repository/Page_CURA Healthcare Service/a_Make Appointment")): Object: 'Object Repository/Page_CURA Healthcare Service/a_Make Appointment' is clicked on

05-05-2025T14:02:44 - [MESSAGE][PASSED] - Object: 'Object Repository/Page_CURA Healthcare Service/a_Make Appointment' is clicked on

05-05-2025T14:02:44 - [TEST_STEP][PASSED] - setText(findTestObject("Object Repository/Page_CURA Healthcare Service/input_Username_username"), "John Doe"): Text 'John Doe' is set on object 'Object Repository/Page_CURA Healthcare Service/input_Username_username'

05-05-2025T14:02:45 - [MESSAGE][PASSED] - Text 'John Doe' is set on object 'Object Repository/Page_CURA Healthcare Service/input_Username_username'

05-05-2025T14:02:45 - [TEST_STEP][PASSED] - setEncryptedText(findTestObject("Object Repository/Page_CURA Healthcare Service/input_Password_password"), "g3/DOGG74jC3Flrr3yH+3D/yKbOqqUNM"): Text ****** has been set on object 'Object Repository/Page_CURA Healthcare Service/input_Password_password'

05-05-2025T14:02:45 - [MESSAGE][PASSED] - Text ****** has been set on object 'Object Repository/Page_CURA Healthcare Service/input_Password_password'

05-05-2025T14:02:45 - [TEST_STEP][PASSED] - click(findTestObject("Object Repository/Page_CURA Healthcare Service/button_Login")): Object: 'Object Repository/Page_CURA Healthcare Service/button_Login' is clicked on

05-05-2025T14:02:46 - [MESSAGE][PASSED] - Object: 'Object Repository/Page_CURA Healthcare Service/button_Login' is clicked on

05-05-2025T14:02:46 - [TEST_STEP][PASSED] - closeBrowser(): Browser is closed

05-05-2025T14:02:46 - [MESSAGE][PASSED] - Browser is closed

05-05-2025T14:02:46 - [TEST_STEP][PASSED] - Start listener action : autoUpdateJobStatus: [SAUCELABS] Current run configuration: Chrome

05-05-2025T14:02:46 - [MESSAGE][INFO] - [SAUCELABS] Current run configuration: Chrome]]></system-out>
         <system-err><![CDATA[]]></system-err>
      </testcase>
      <testcase name="Test Cases/Healthcare" time="5.586" classname="Test Cases/Healthcare" status="PASSED">
         <system-out><![CDATA[05-05-2025T14:02:46 - [TEST_CASE][PASSED] - Test Cases/Healthcare: Test Cases/Healthcare

05-05-2025T14:02:46 - [TEST_STEP][PASSED] - Start listener action : enableSauceLabs: [SAUCELABS] Saucelabs Plugin will not attempt to auto update job status and information !

05-05-2025T14:02:46 - [MESSAGE][INFO] - [SAUCELABS] Current run configuration: Chrome

05-05-2025T14:02:46 - [MESSAGE][INFO] - [SAUCELABS] Saucelabs Plugin will not attempt to auto update job status and information !

05-05-2025T14:02:46 - [TEST_STEP][PASSED] - openBrowser(""): Browser is opened with url: ''

05-05-2025T14:02:46 - [MESSAGE][INFO] - Starting 'Chrome' driver

05-05-2025T14:02:46 - [MESSAGE][INFO] - User set preference: ['args', '[--disable-notification]']

05-05-2025T14:02:46 - [MESSAGE][INFO] - Action delay is set to 0 milliseconds

05-05-2025T14:02:47 - [MESSAGE][PASSED] - Browser is opened with url: ''

05-05-2025T14:02:47 - [TEST_STEP][PASSED] - navigateToUrl("https://katalon-demo-cura.herokuapp.com/"): Navigate to 'https://katalon-demo-cura.herokuapp.com/' successfully

05-05-2025T14:02:48 - [MESSAGE][PASSED] - Navigate to 'https://katalon-demo-cura.herokuapp.com/' successfully

05-05-2025T14:02:48 - [TEST_STEP][PASSED] - click(findTestObject("Object Repository/Page_CURA Healthcare Service/a_Make Appointment")): Object: 'Object Repository/Page_CURA Healthcare Service/a_Make Appointment' is clicked on

05-05-2025T14:02:49 - [MESSAGE][PASSED] - Object: 'Object Repository/Page_CURA Healthcare Service/a_Make Appointment' is clicked on

05-05-2025T14:02:49 - [TEST_STEP][PASSED] - setText(findTestObject("Object Repository/Page_CURA Healthcare Service/input_Username_username"), "John Doe"): Text 'John Doe' is set on object 'Object Repository/Page_CURA Healthcare Service/input_Username_username'

05-05-2025T14:02:50 - [MESSAGE][PASSED] - Text 'John Doe' is set on object 'Object Repository/Page_CURA Healthcare Service/input_Username_username'

05-05-2025T14:02:50 - [TEST_STEP][PASSED] - setEncryptedText(findTestObject("Object Repository/Page_CURA Healthcare Service/input_Password_password"), "g3/DOGG74jC3Flrr3yH+3D/yKbOqqUNM"): Text ****** has been set on object 'Object Repository/Page_CURA Healthcare Service/input_Password_password'

05-05-2025T14:02:50 - [MESSAGE][PASSED] - Text ****** has been set on object 'Object Repository/Page_CURA Healthcare Service/input_Password_password'

05-05-2025T14:02:50 - [TEST_STEP][PASSED] - click(findTestObject("Object Repository/Page_CURA Healthcare Service/button_Login")): Object: 'Object Repository/Page_CURA Healthcare Service/button_Login' is clicked on

05-05-2025T14:02:51 - [MESSAGE][PASSED] - Object: 'Object Repository/Page_CURA Healthcare Service/button_Login' is clicked on

05-05-2025T14:02:51 - [TEST_STEP][PASSED] - closeBrowser(): Browser is closed

05-05-2025T14:02:52 - [MESSAGE][PASSED] - Browser is closed

05-05-2025T14:02:52 - [TEST_STEP][PASSED] - Start listener action : autoUpdateJobStatus: [SAUCELABS] Current run configuration: Chrome

05-05-2025T14:02:52 - [MESSAGE][INFO] - [SAUCELABS] Current run configuration: Chrome]]></system-out>
         <system-err><![CDATA[]]></system-err>
      </testcase>
      <system-out><![CDATA[05-05-2025T14:02:18 - [TEST_SUITE][PASSED] - Healthcare_Test: Test Cases/Healthcare]]></system-out>
      <system-err><![CDATA[]]></system-err>
   </testsuite>
   <testsuite name="Healthcare_Test" tests="4" failures="0" errors="0" time="33.335" skipped="0" timestamp="05-05-2025T14:02:20" hostname="Maximile - MSI" id="Test Suites/Healthcare_Test">
      <properties>
         <property name="deviceName" value=""/>
         <property name="devicePlatform"/>
         <property name="logFolder" value="C:\\Users\\Maximile\\git\\Git-Demo3\\Reports\\20250505_140159\\Healthcare_Test\\20250505_140206"/>
         <property name="logFiles" value="C:\\Users\\Maximile\\git\\Git-Demo3\\Reports\\20250505_140159\\Healthcare_Test\\20250505_140206\\execution0.log"/>
         <property name="attachments" value=""/>
         <property name="hostName" value="Maximile - MSI"/>
         <property name="os" value="Windows 10 64bit"/>
         <property name="katalonVersion" value="10.1.1.0"/>
         <property name="browser" value="Chrome 135.0.7049.115"/>
         <property name="hostAddress" value="192.168.50.216"/>
         <property name="sessionId" value="949dd6ec1c010005a04c3035c9727974"/>
         <property name="seleniumVersion" value="4.22.0"/>
         <property name="proxyInformation" value="ProxyInformation { proxyOption=NO_PROXY, proxyServerType=HTTP, username=, password=********, proxyServerAddress=, proxyServerPort=0, executionList=&quot;&quot;, isApplyToDesiredCapabilities=true }"/>
         <property name="platform" value="Windows 10"/>
      </properties>
      <testcase name="Test Cases/Healthcare" time="11.441" classname="Test Cases/Healthcare" status="PASSED">
         <system-out><![CDATA[05-05-2025T14:02:20 - [TEST_CASE][PASSED] - Test Cases/Healthcare: Test Cases/Healthcare

05-05-2025T14:02:20 - [TEST_STEP][PASSED] - Start listener action : enableSauceLabs: [SAUCELABS] Saucelabs Plugin will not attempt to auto update job status and information !

05-05-2025T14:02:20 - [MESSAGE][INFO] - [SAUCELABS] Current run configuration: Chrome

05-05-2025T14:02:20 - [MESSAGE][INFO] - [SAUCELABS] Saucelabs Plugin will not attempt to auto update job status and information !

05-05-2025T14:02:21 - [TEST_STEP][PASSED] - openBrowser(""): Browser is opened with url: ''

05-05-2025T14:02:22 - [MESSAGE][INFO] - Starting 'Chrome' driver

05-05-2025T14:02:22 - [MESSAGE][INFO] - User set preference: ['args', '[--disable-notification]']

05-05-2025T14:02:22 - [MESSAGE][INFO] - Action delay is set to 0 milliseconds

05-05-2025T14:02:27 - [MESSAGE][PASSED] - Browser is opened with url: ''

05-05-2025T14:02:27 - [TEST_STEP][PASSED] - navigateToUrl("https://katalon-demo-cura.herokuapp.com/"): Navigate to 'https://katalon-demo-cura.herokuapp.com/' successfully

05-05-2025T14:02:28 - [MESSAGE][PASSED] - Navigate to 'https://katalon-demo-cura.herokuapp.com/' successfully

05-05-2025T14:02:28 - [TEST_STEP][PASSED] - click(findTestObject("Object Repository/Page_CURA Healthcare Service/a_Make Appointment")): Object: 'Object Repository/Page_CURA Healthcare Service/a_Make Appointment' is clicked on

05-05-2025T14:02:29 - [MESSAGE][PASSED] - Object: 'Object Repository/Page_CURA Healthcare Service/a_Make Appointment' is clicked on

05-05-2025T14:02:29 - [TEST_STEP][PASSED] - setText(findTestObject("Object Repository/Page_CURA Healthcare Service/input_Username_username"), "John Doe"): Text 'John Doe' is set on object 'Object Repository/Page_CURA Healthcare Service/input_Username_username'

05-05-2025T14:02:30 - [MESSAGE][PASSED] - Text 'John Doe' is set on object 'Object Repository/Page_CURA Healthcare Service/input_Username_username'

05-05-2025T14:02:30 - [TEST_STEP][PASSED] - setEncryptedText(findTestObject("Object Repository/Page_CURA Healthcare Service/input_Password_password"), "g3/DOGG74jC3Flrr3yH+3D/yKbOqqUNM"): Text ****** has been set on object 'Object Repository/Page_CURA Healthcare Service/input_Password_password'

05-05-2025T14:02:30 - [MESSAGE][PASSED] - Text ****** has been set on object 'Object Repository/Page_CURA Healthcare Service/input_Password_password'

05-05-2025T14:02:30 - [TEST_STEP][PASSED] - click(findTestObject("Object Repository/Page_CURA Healthcare Service/button_Login")): Object: 'Object Repository/Page_CURA Healthcare Service/button_Login' is clicked on

05-05-2025T14:02:31 - [MESSAGE][PASSED] - Object: 'Object Repository/Page_CURA Healthcare Service/button_Login' is clicked on

05-05-2025T14:02:31 - [TEST_STEP][PASSED] - closeBrowser(): Browser is closed

05-05-2025T14:02:32 - [MESSAGE][PASSED] - Browser is closed

05-05-2025T14:02:32 - [TEST_STEP][PASSED] - Start listener action : autoUpdateJobStatus: [SAUCELABS] Current run configuration: Chrome

05-05-2025T14:02:32 - [MESSAGE][INFO] - [SAUCELABS] Current run configuration: Chrome]]></system-out>
         <system-err><![CDATA[]]></system-err>
      </testcase>
      <testcase name="Test Cases/Healthcare" time="11.265" classname="Test Cases/Healthcare" status="PASSED">
         <system-out><![CDATA[05-05-2025T14:02:32 - [TEST_CASE][PASSED] - Test Cases/Healthcare: Test Cases/Healthcare

05-05-2025T14:02:32 - [TEST_STEP][PASSED] - Start listener action : enableSauceLabs: [SAUCELABS] Saucelabs Plugin will not attempt to auto update job status and information !

05-05-2025T14:02:32 - [MESSAGE][INFO] - [SAUCELABS] Current run configuration: Chrome

05-05-2025T14:02:32 - [MESSAGE][INFO] - [SAUCELABS] Saucelabs Plugin will not attempt to auto update job status and information !

05-05-2025T14:02:32 - [TEST_STEP][PASSED] - openBrowser(""): Browser is opened with url: ''

05-05-2025T14:02:32 - [MESSAGE][INFO] - Starting 'Chrome' driver

05-05-2025T14:02:32 - [MESSAGE][INFO] - User set preference: ['args', '[--disable-notification]']

05-05-2025T14:02:32 - [MESSAGE][INFO] - Action delay is set to 0 milliseconds

05-05-2025T14:02:34 - [MESSAGE][PASSED] - Browser is opened with url: ''

05-05-2025T14:02:34 - [TEST_STEP][PASSED] - navigateToUrl("https://katalon-demo-cura.herokuapp.com/"): Navigate to 'https://katalon-demo-cura.herokuapp.com/' successfully

05-05-2025T14:02:36 - [MESSAGE][PASSED] - Navigate to 'https://katalon-demo-cura.herokuapp.com/' successfully

05-05-2025T14:02:36 - [TEST_STEP][PASSED] - click(findTestObject("Object Repository/Page_CURA Healthcare Service/a_Make Appointment")): Object: 'Object Repository/Page_CURA Healthcare Service/a_Make Appointment' is clicked on

05-05-2025T14:02:36 - [MESSAGE][PASSED] - Object: 'Object Repository/Page_CURA Healthcare Service/a_Make Appointment' is clicked on

05-05-2025T14:02:36 - [TEST_STEP][PASSED] - setText(findTestObject("Object Repository/Page_CURA Healthcare Service/input_Username_username"), "John Doe"): Text 'John Doe' is set on object 'Object Repository/Page_CURA Healthcare Service/input_Username_username'

05-05-2025T14:02:37 - [MESSAGE][PASSED] - Text 'John Doe' is set on object 'Object Repository/Page_CURA Healthcare Service/input_Username_username'

05-05-2025T14:02:37 - [TEST_STEP][PASSED] - setEncryptedText(findTestObject("Object Repository/Page_CURA Healthcare Service/input_Password_password"), "g3/DOGG74jC3Flrr3yH+3D/yKbOqqUNM"): Text ****** has been set on object 'Object Repository/Page_CURA Healthcare Service/input_Password_password'

05-05-2025T14:02:38 - [MESSAGE][PASSED] - Text ****** has been set on object 'Object Repository/Page_CURA Healthcare Service/input_Password_password'

05-05-2025T14:02:38 - [TEST_STEP][PASSED] - click(findTestObject("Object Repository/Page_CURA Healthcare Service/button_Login")): Object: 'Object Repository/Page_CURA Healthcare Service/button_Login' is clicked on

05-05-2025T14:02:38 - [MESSAGE][PASSED] - Object: 'Object Repository/Page_CURA Healthcare Service/button_Login' is clicked on

05-05-2025T14:02:38 - [TEST_STEP][PASSED] - closeBrowser(): Browser is closed

05-05-2025T14:02:43 - [MESSAGE][PASSED] - Browser is closed

05-05-2025T14:02:43 - [TEST_STEP][PASSED] - Start listener action : autoUpdateJobStatus: [SAUCELABS] Current run configuration: Chrome

05-05-2025T14:02:43 - [MESSAGE][INFO] - [SAUCELABS] Current run configuration: Chrome]]></system-out>
         <system-err><![CDATA[]]></system-err>
      </testcase>
      <testcase name="Test Cases/Healthcare" time="5.301" classname="Test Cases/Healthcare" status="PASSED">
         <system-out><![CDATA[05-05-2025T14:02:43 - [TEST_CASE][PASSED] - Test Cases/Healthcare: Test Cases/Healthcare

05-05-2025T14:02:43 - [TEST_STEP][PASSED] - Start listener action : enableSauceLabs: [SAUCELABS] Saucelabs Plugin will not attempt to auto update job status and information !

05-05-2025T14:02:43 - [MESSAGE][INFO] - [SAUCELABS] Current run configuration: Chrome

05-05-2025T14:02:43 - [MESSAGE][INFO] - [SAUCELABS] Saucelabs Plugin will not attempt to auto update job status and information !

05-05-2025T14:02:43 - [TEST_STEP][PASSED] - openBrowser(""): Browser is opened with url: ''

05-05-2025T14:02:43 - [MESSAGE][INFO] - Starting 'Chrome' driver

05-05-2025T14:02:43 - [MESSAGE][INFO] - User set preference: ['args', '[--disable-notification]']

05-05-2025T14:02:43 - [MESSAGE][INFO] - Action delay is set to 0 milliseconds

05-05-2025T14:02:45 - [MESSAGE][PASSED] - Browser is opened with url: ''

05-05-2025T14:02:45 - [TEST_STEP][PASSED] - navigateToUrl("https://katalon-demo-cura.herokuapp.com/"): Navigate to 'https://katalon-demo-cura.herokuapp.com/' successfully

05-05-2025T14:02:45 - [MESSAGE][PASSED] - Navigate to 'https://katalon-demo-cura.herokuapp.com/' successfully

05-05-2025T14:02:45 - [TEST_STEP][PASSED] - click(findTestObject("Object Repository/Page_CURA Healthcare Service/a_Make Appointment")): Object: 'Object Repository/Page_CURA Healthcare Service/a_Make Appointment' is clicked on

05-05-2025T14:02:46 - [MESSAGE][PASSED] - Object: 'Object Repository/Page_CURA Healthcare Service/a_Make Appointment' is clicked on

05-05-2025T14:02:46 - [TEST_STEP][PASSED] - setText(findTestObject("Object Repository/Page_CURA Healthcare Service/input_Username_username"), "John Doe"): Text 'John Doe' is set on object 'Object Repository/Page_CURA Healthcare Service/input_Username_username'

05-05-2025T14:02:47 - [MESSAGE][PASSED] - Text 'John Doe' is set on object 'Object Repository/Page_CURA Healthcare Service/input_Username_username'

05-05-2025T14:02:47 - [TEST_STEP][PASSED] - setEncryptedText(findTestObject("Object Repository/Page_CURA Healthcare Service/input_Password_password"), "g3/DOGG74jC3Flrr3yH+3D/yKbOqqUNM"): Text ****** has been set on object 'Object Repository/Page_CURA Healthcare Service/input_Password_password'

05-05-2025T14:02:47 - [MESSAGE][PASSED] - Text ****** has been set on object 'Object Repository/Page_CURA Healthcare Service/input_Password_password'

05-05-2025T14:02:47 - [TEST_STEP][PASSED] - click(findTestObject("Object Repository/Page_CURA Healthcare Service/button_Login")): Object: 'Object Repository/Page_CURA Healthcare Service/button_Login' is clicked on

05-05-2025T14:02:48 - [MESSAGE][PASSED] - Object: 'Object Repository/Page_CURA Healthcare Service/button_Login' is clicked on

05-05-2025T14:02:48 - [TEST_STEP][PASSED] - closeBrowser(): Browser is closed

05-05-2025T14:02:48 - [MESSAGE][PASSED] - Browser is closed

05-05-2025T14:02:48 - [TEST_STEP][PASSED] - Start listener action : autoUpdateJobStatus: [SAUCELABS] Current run configuration: Chrome

05-05-2025T14:02:48 - [MESSAGE][INFO] - [SAUCELABS] Current run configuration: Chrome]]></system-out>
         <system-err><![CDATA[]]></system-err>
      </testcase>
      <testcase name="Test Cases/Healthcare" time="4.898" classname="Test Cases/Healthcare" status="PASSED">
         <system-out><![CDATA[05-05-2025T14:02:48 - [TEST_CASE][PASSED] - Test Cases/Healthcare: Test Cases/Healthcare

05-05-2025T14:02:48 - [TEST_STEP][PASSED] - Start listener action : enableSauceLabs: [SAUCELABS] Saucelabs Plugin will not attempt to auto update job status and information !

05-05-2025T14:02:48 - [MESSAGE][INFO] - [SAUCELABS] Current run configuration: Chrome

05-05-2025T14:02:48 - [MESSAGE][INFO] - [SAUCELABS] Saucelabs Plugin will not attempt to auto update job status and information !

05-05-2025T14:02:48 - [TEST_STEP][PASSED] - openBrowser(""): Browser is opened with url: ''

05-05-2025T14:02:48 - [MESSAGE][INFO] - Starting 'Chrome' driver

05-05-2025T14:02:48 - [MESSAGE][INFO] - User set preference: ['args', '[--disable-notification]']

05-05-2025T14:02:48 - [MESSAGE][INFO] - Action delay is set to 0 milliseconds

05-05-2025T14:02:50 - [MESSAGE][PASSED] - Browser is opened with url: ''

05-05-2025T14:02:50 - [TEST_STEP][PASSED] - navigateToUrl("https://katalon-demo-cura.herokuapp.com/"): Navigate to 'https://katalon-demo-cura.herokuapp.com/' successfully

05-05-2025T14:02:51 - [MESSAGE][PASSED] - Navigate to 'https://katalon-demo-cura.herokuapp.com/' successfully

05-05-2025T14:02:51 - [TEST_STEP][PASSED] - click(findTestObject("Object Repository/Page_CURA Healthcare Service/a_Make Appointment")): Object: 'Object Repository/Page_CURA Healthcare Service/a_Make Appointment' is clicked on

05-05-2025T14:02:52 - [MESSAGE][PASSED] - Object: 'Object Repository/Page_CURA Healthcare Service/a_Make Appointment' is clicked on

05-05-2025T14:02:52 - [TEST_STEP][PASSED] - setText(findTestObject("Object Repository/Page_CURA Healthcare Service/input_Username_username"), "John Doe"): Text 'John Doe' is set on object 'Object Repository/Page_CURA Healthcare Service/input_Username_username'

05-05-2025T14:02:52 - [MESSAGE][PASSED] - Text 'John Doe' is set on object 'Object Repository/Page_CURA Healthcare Service/input_Username_username'

05-05-2025T14:02:52 - [TEST_STEP][PASSED] - setEncryptedText(findTestObject("Object Repository/Page_CURA Healthcare Service/input_Password_password"), "g3/DOGG74jC3Flrr3yH+3D/yKbOqqUNM"): Text ****** has been set on object 'Object Repository/Page_CURA Healthcare Service/input_Password_password'

05-05-2025T14:02:53 - [MESSAGE][PASSED] - Text ****** has been set on object 'Object Repository/Page_CURA Healthcare Service/input_Password_password'

05-05-2025T14:02:53 - [TEST_STEP][PASSED] - click(findTestObject("Object Repository/Page_CURA Healthcare Service/button_Login")): Object: 'Object Repository/Page_CURA Healthcare Service/button_Login' is clicked on

05-05-2025T14:02:53 - [MESSAGE][PASSED] - Object: 'Object Repository/Page_CURA Healthcare Service/button_Login' is clicked on

05-05-2025T14:02:53 - [TEST_STEP][PASSED] - closeBrowser(): Browser is closed

05-05-2025T14:02:53 - [MESSAGE][PASSED] - Browser is closed

05-05-2025T14:02:53 - [TEST_STEP][PASSED] - Start listener action : autoUpdateJobStatus: [SAUCELABS] Current run configuration: Chrome

05-05-2025T14:02:53 - [MESSAGE][INFO] - [SAUCELABS] Current run configuration: Chrome]]></system-out>
         <system-err><![CDATA[]]></system-err>
      </testcase>
      <system-out><![CDATA[05-05-2025T14:02:20 - [TEST_SUITE][PASSED] - Healthcare_Test: Test Cases/Healthcare]]></system-out>
      <system-err><![CDATA[]]></system-err>
   </testsuite>
</testsuites>
